
> omutsu-navi@0.1.0 build
> next build

   ▲ Next.js 15.5.2
   - Environments: .env

   Creating an optimized production build ...
 ✓ Compiled successfully in 20.3s
   Skipping linting
   Checking validity of types ...
   Collecting page data ...
   Generating static pages (0/5) ...
🔍 getOffers呼び出し: useRealData=true
🌐 実データを取得中... (サーバー&クライアント対応)
🚀 クライアントサイドでデータ収集を開始
🏗️ ビルド時に楽天APIから実データを取得中...
🔍 検索キーワード: パンパース
🔍 楽天APIリクエスト URL: https://app.rakuten.co.jp/services/api/IchibaItem/Search/20220601
🔍 楽天APIリクエスト パラメータ: {
  applicationId: '1062113837003868316',
  keyword: 'パンパース',
  page: 1,
  hits: 30,
  sort: '+itemPrice',
  genreId: '200807',
  formatVersion: 2
}
(node:16055) [DEP0169] DeprecationWarning: `url.parse()` behavior is not standardized and prone to errors that have security implications. Use the WHATWG URL API instead. CVEs are not issued for `url.parse()` vulnerabilities.
(Use `node --trace-deprecation ...` to show where the warning was created)
   Generating static pages (1/5) 
   Generating static pages (2/5) 
   Generating static pages (3/5) 
✅ 楽天APIレスポンス成功: 200
🔍 検索キーワード: メリーズ
🔍 楽天APIリクエスト URL: https://app.rakuten.co.jp/services/api/IchibaItem/Search/20220601
🔍 楽天APIリクエスト パラメータ: {
  applicationId: '1062113837003868316',
  keyword: 'メリーズ',
  page: 1,
  hits: 30,
  sort: '+itemPrice',
  genreId: '200807',
  formatVersion: 2
}
✅ 楽天APIレスポンス成功: 200
✅ メリーズ: 8件取得
🚫 除外された商品: メリーズ ファーストプレミアム ビッグサイズ（32枚入）＜メリーズファーストプレミアムビッグ32枚＞ 販売促進商品 販促 景品 イベント用品 法人ギフト 賞品 低額ギフト
🚫 除外された商品: メリーズ エアスルー パンツ Mサイズ52枚 販売促進商品 販促 景品 イベント用品 法人ギフト 賞品 低額ギフト
🚫 除外された商品: メリーズ エアスルー パンツ Sサイズ 62枚 販売促進商品 販促 景品 イベント用品 法人ギフト 賞品 低額ギフト
🚫 除外された商品: メリーズ エアスルー パンツ Lサイズ44枚＜メリーズ エアスルーパンツLサイズ44枚＞ 販売促進商品 販促 景品 イベント用品 法人ギフト 賞品 低額ギフト
🚫 除外された商品: 敬老の日ギフト 敬老会などに「メリーズ　ファーストプレミアム　パンツ　ビッグサイズ（32枚）」お返し 内祝い 内祝 お祝い 祝い 出産 結婚 仏事 快気 お見舞い 香典返し 新築 ギフト セット
🚫 除外された商品: 敬老の日ギフト 敬老会などに「メリーズ　エアスルー　パンツ　Mサイズ（52枚）」お返し 内祝い 内祝 お祝い 祝い 出産 結婚 仏事 快気 お見舞い 香典返し 新築 ギフト セット
🚫 除外された商品: 敬老の日ギフト 敬老会などに「メリーズ　エアスルー　パンツ　Lサイズ（44枚）」お返し 内祝い 内祝 お祝い 祝い 出産 結婚 仏事 快気 お見舞い 香典返し 新築 ギフト セット
🚫 除外された商品: 敬老の日ギフト 敬老会などに「メリーズ　エアスルー　パンツ　Sサイズ（62枚）」お返し 内祝い 内祝 お祝い 祝い 出産 結婚 仏事 快気 お見舞い 香典返し 新築 ギフト セット
🔍 検索キーワード: ムーニー
🔍 楽天APIリクエスト URL: https://app.rakuten.co.jp/services/api/IchibaItem/Search/20220601
🔍 楽天APIリクエスト パラメータ: {
  applicationId: '1062113837003868316',
  keyword: 'ムーニー',
  page: 1,
  hits: 30,
  sort: '+itemPrice',
  genreId: '200807',
  formatVersion: 2
}
✅ 楽天APIレスポンス成功: 200
✅ ムーニー: 9件取得
🚫 除外された商品: 【姫流12周年セール】 【子供用オムツ】ユニ・チャーム ムーニー オヤスミマン 女の子用 22枚 ビッグ以上 適応体重：13-25kg 昼間のオムツを卒業したお子様に合わせた夜用おむつ ( 4903111211807 )※パッケージ変更の場合あり
🚫 除外された商品: 【週替わり特価F】ムーニー オヤスミマン 女の子用 22枚 ビッグ以上
🚫 除外された商品: 【子供用オムツ特売】ユニ・チャーム ムーニー オヤスミマン 女の子用 22枚 ビッグ以上 適応体重：13-25kg 昼間のオムツを卒業したお子様に合わせた夜用おむつ ( 4903111211807 )※パッケージ変更の場合あり
🚫 除外された商品: 【夜の市★合算2千円超で送料無料対象】【子供用オムツ特売】ユニ・チャーム ムーニー オヤスミマン 女の子用 22枚 ビッグ以上 適応体重：13-25kg 昼間のオムツを卒業したお子様に合わせた夜用おむつ ( 4903111211807 )※パッケージ変更の場合あり
🚫 除外された商品: 【送料込・まとめ買い×2点セット】ユニ・チャーム ムーニー オヤスミマン 女の子用 22枚 ビッグ以上 適応体重：13-25kg 昼間のオムツを卒業したお子様に合わせた夜用おむつ ( 4903111211807 )※パッケージ変更の場合あり
🚫 除外された商品: 【送料込・まとめ買い×3】ユニ・チャーム ムーニー オヤスミマン 女の子用 ビッグ以上 22枚×3点セット 昼間のオムツを卒業したお子様に合わせた夜用おむつ ( 4903111211807 )※商品パッケージは予告なく変更の場合あり
🚫 除外された商品: 【送料込・まとめ買い×4点セット】ユニ・チャーム ムーニー オヤスミマン 女の子用 22枚 ビッグ以上 適応体重：13-25kg 昼間のオムツを卒業したお子様に合わせた夜用おむつ ( 4903111211807 )※パッケージ変更の場合あり
🚫 除外された商品: 【送料込・まとめ買い×6点セット】ユニ・チャーム ムーニー オヤスミマン 女の子用 22枚 ビッグ以上 適応体重：13-25kg 昼間のオムツを卒業したお子様に合わせた夜用おむつ ( 4903111211807 )※パッケージ変更の場合あり
🚫 除外された商品: 【送料込・まとめ買い×8点セット】ユニ・チャーム ムーニー オヤスミマン 女の子用 22枚 ビッグ以上 適応体重：13-25kg 昼間のオムツを卒業したお子様に合わせた夜用おむつ ( 4903111211807 )※パッケージ変更の場合あり
🔍 検索キーワード: ゲンキ
🔍 楽天APIリクエスト URL: https://app.rakuten.co.jp/services/api/IchibaItem/Search/20220601
🔍 楽天APIリクエスト パラメータ: {
  applicationId: '1062113837003868316',
  keyword: 'ゲンキ',
  page: 1,
  hits: 30,
  sort: '+itemPrice',
  genreId: '200807',
  formatVersion: 2
}
✅ 楽天APIレスポンス成功: 200
🔍 検索キーワード: グーン
🔍 楽天APIリクエスト URL: https://app.rakuten.co.jp/services/api/IchibaItem/Search/20220601
🔍 楽天APIリクエスト パラメータ: {
  applicationId: '1062113837003868316',
  keyword: 'グーン',
  page: 1,
  hits: 30,
  sort: '+itemPrice',
  genreId: '200807',
  formatVersion: 2
}
✅ 楽天APIレスポンス成功: 200
✅ グーン: 11件取得
✅ 有効な商品: 【最大半額！令和セール】大王製紙 エリエール グーンプラス 敏感肌設計 Sサイズ 2枚入
🚫 除外された商品: 【夜用パッド BIGより大きいサイズ以上】グーン ナイトキッズ パッド (下着サイズ目安 90~140cm) 24枚 男女共用 [寝返りしてもズレにくい]
🚫 除外された商品: 【パンツ スーパーBIGサイズ】 グーン ナイトジュニア パンツ (身長目安 110~140cm) 14枚 男女共用 夜用おむつ [うつぶせ寝モレに強い]
✅ 有効な商品: 【パンツ Mサイズ】グーンスイミングパンツ 4枚 男女共用
🚫 除外された商品: 【パンツ BIGより大きいサイズ】 グーン ナイトキッズ パンツ (身長目安 90~120cm) 22枚 男女共用 夜用おむつ [うつぶせ寝モレに強い]
✅ 有効な商品: 【パンツ Lサイズ】グーンスイミングパンツ 4枚 男女共用
✅ 有効な商品: 【パンツ Mサイズ】グーンスイミングパンツ 4枚 男女共用
🚫 除外された商品: 【SS期間中 P5倍!】 グーン ナイト ジュニアパンツ 14枚入り
🚫 除外された商品: 【スーパーSALE P5倍】 グーン ナイト ジュニアパンツ 14枚入り グーン キッズ用品 おむつ 紙オムツ パンツ 夜用 トイレ もれない おねしょ 吸収性 男女兼用 男の子 女の子 エリエール GOON 人気 ランキング おすすめ
✅ 有効な商品: 【パンツ Lサイズ】グーン スイミングパンツ 48枚(4枚×12)≪ディズニーデザイン≫ 東京南倉庫
✅ 有効な商品: 【パンツ BIGサイズ】グーン スイミングパンツ 48枚(4枚×12) ≪ディズニーデザイン≫ 東京南倉庫
