
> omutsu-navi@0.1.0 build
> next build

   ▲ Next.js 15.5.2
   - Environments: .env

   Creating an optimized production build ...
 ✓ Compiled successfully in 13.8s
   Skipping linting
   Checking validity of types ...
   Collecting page data ...
   Generating static pages (0/5) ...
🔍 getOffers呼び出し: useRealData=true
🌐 実データを取得中... (サーバー&クライアント対応)
🚀 クライアントサイドでデータ収集を開始
🏗️ ビルド時に楽天APIから実データを取得中...
🔍 検索キーワード: パンパース テープ
🔍 楽天APIリクエスト URL: https://app.rakuten.co.jp/services/api/IchibaItem/Search/20220601
🔍 楽天APIリクエスト パラメータ: {
  applicationId: '1062113837003868316',
  keyword: 'パンパース テープ',
  page: 1,
  hits: 30,
  sort: '+itemPrice',
  genreId: '200807',
  formatVersion: 2
}
(node:15663) [DEP0169] DeprecationWarning: `url.parse()` behavior is not standardized and prone to errors that have security implications. Use the WHATWG URL API instead. CVEs are not issued for `url.parse()` vulnerabilities.
(Use `node --trace-deprecation ...` to show where the warning was created)
   Generating static pages (1/5) 
   Generating static pages (2/5) 
   Generating static pages (3/5) 
✅ 楽天APIレスポンス成功: 200
🔍 検索キーワード: パンパース パンツ
🔍 楽天APIリクエスト URL: https://app.rakuten.co.jp/services/api/IchibaItem/Search/20220601
🔍 楽天APIリクエスト パラメータ: {
  applicationId: '1062113837003868316',
  keyword: 'パンパース パンツ',
  page: 1,
  hits: 30,
  sort: '+itemPrice',
  genreId: '200807',
  formatVersion: 2
}
✅ 楽天APIレスポンス成功: 200
🔍 検索キーワード: メリーズ テープ
🔍 楽天APIリクエスト URL: https://app.rakuten.co.jp/services/api/IchibaItem/Search/20220601
🔍 楽天APIリクエスト パラメータ: {
  applicationId: '1062113837003868316',
  keyword: 'メリーズ テープ',
  page: 1,
  hits: 30,
  sort: '+itemPrice',
  genreId: '200807',
  formatVersion: 2
}
✅ 楽天APIレスポンス成功: 200
🔍 検索キーワード: メリーズ パンツ
🔍 楽天APIリクエスト URL: https://app.rakuten.co.jp/services/api/IchibaItem/Search/20220601
🔍 楽天APIリクエスト パラメータ: {
  applicationId: '1062113837003868316',
  keyword: 'メリーズ パンツ',
  page: 1,
  hits: 30,
  sort: '+itemPrice',
  genreId: '200807',
  formatVersion: 2
}
✅ 楽天APIレスポンス成功: 200
✅ メリーズ パンツ: 8件取得
🔍 検索キーワード: ムーニー テープ
🔍 楽天APIリクエスト URL: https://app.rakuten.co.jp/services/api/IchibaItem/Search/20220601
🔍 楽天APIリクエスト パラメータ: {
  applicationId: '1062113837003868316',
  keyword: 'ムーニー テープ',
  page: 1,
  hits: 30,
  sort: '+itemPrice',
  genreId: '200807',
  formatVersion: 2
}
✅ 楽天APIレスポンス成功: 200
🔍 検索キーワード: ムーニー パンツ
🔍 楽天APIリクエスト URL: https://app.rakuten.co.jp/services/api/IchibaItem/Search/20220601
🔍 楽天APIリクエスト パラメータ: {
  applicationId: '1062113837003868316',
  keyword: 'ムーニー パンツ',
  page: 1,
  hits: 30,
  sort: '+itemPrice',
  genreId: '200807',
  formatVersion: 2
}
✅ 楽天APIレスポンス成功: 200
✅ ムーニー パンツ: 9件取得
🔍 検索キーワード: ゲンキ テープ
🔍 楽天APIリクエスト URL: https://app.rakuten.co.jp/services/api/IchibaItem/Search/20220601
🔍 楽天APIリクエスト パラメータ: {
  applicationId: '1062113837003868316',
  keyword: 'ゲンキ テープ',
  page: 1,
  hits: 30,
  sort: '+itemPrice',
  genreId: '200807',
  formatVersion: 2
}
✅ 楽天APIレスポンス成功: 200
🔍 検索キーワード: ゲンキ パンツ
🔍 楽天APIリクエスト URL: https://app.rakuten.co.jp/services/api/IchibaItem/Search/20220601
🔍 楽天APIリクエスト パラメータ: {
  applicationId: '1062113837003868316',
  keyword: 'ゲンキ パンツ',
  page: 1,
  hits: 30,
  sort: '+itemPrice',
  genreId: '200807',
  formatVersion: 2
}
✅ 楽天APIレスポンス成功: 200
🔍 検索キーワード: グーン テープ
🔍 楽天APIリクエスト URL: https://app.rakuten.co.jp/services/api/IchibaItem/Search/20220601
🔍 楽天APIリクエスト パラメータ: {
  applicationId: '1062113837003868316',
  keyword: 'グーン テープ',
  page: 1,
  hits: 30,
  sort: '+itemPrice',
  genreId: '200807',
  formatVersion: 2
}
✅ 楽天APIレスポンス成功: 200
✅ グーン テープ: 1件取得
🔍 検索キーワード: グーン パンツ
🔍 楽天APIリクエスト URL: https://app.rakuten.co.jp/services/api/IchibaItem/Search/20220601
🔍 楽天APIリクエスト パラメータ: {
  applicationId: '1062113837003868316',
  keyword: 'グーン パンツ',
  page: 1,
  hits: 30,
  sort: '+itemPrice',
  genreId: '200807',
  formatVersion: 2
}
✅ 楽天APIレスポンス成功: 200
✅ グーン パンツ: 11件取得
🚫 除外された商品: 【夜用パッド BIGより大きいサイズ以上】グーン ナイトキッズ パッド (下着サイズ目安 90~140cm) 24枚 男女共用 [寝返りしてもズレにくい]
🚫 除外された商品: 【スーパーSALE P5倍】 グーン ナイト ジュニアパンツ 14枚入り グーン キッズ用品 おむつ 紙オムツ パンツ 夜用 トイレ もれない おねしょ 吸収性 男女兼用 男の子 女の子 エリエール GOON 人気 ランキング おすすめ
🔍 検索キーワード: おむつ S
🔍 楽天APIリクエスト URL: https://app.rakuten.co.jp/services/api/IchibaItem/Search/20220601
🔍 楽天APIリクエスト パラメータ: {
  applicationId: '1062113837003868316',
  keyword: 'おむつ S',
  page: 1,
  hits: 30,
  sort: '+itemPrice',
  genreId: '200807',
  formatVersion: 2
}
❌ 楽天API呼び出しエラー:
Status: 400
Data: { error_description: 'keyword is not valid', error: 'wrong_parameter' }
URL: https://app.rakuten.co.jp/services/api/IchibaItem/Search/20220601
⚠️ おむつ Sの検索でエラー: Error [AxiosError]: Request failed with status code 400
    at aG (.next/server/chunks/541.js:1:40458)
    at Unzip.<anonymous> (.next/server/chunks/541.js:3:9314)
    at bK.request (.next/server/chunks/541.js:3:21252)
    at async bO.searchDiapers (.next/server/chunks/541.js:3:26950)
    at async j (.next/server/app/page.js:1:16430)
    at async k (.next/server/app/page.js:1:19309)
    at async l.getRealData (.next/server/app/page.js:1:19928)
    at async l.getOffers (.next/server/app/page.js:1:20347)
    at async o (.next/server/app/page.js:1:23154) {
  code: 'ERR_BAD_REQUEST',
  config: [Object],
  request: [ClientRequest],
  response: [Object],
  status: 400,
  constructor: [Function],
  toJSON: [Function: toJSON]
}
🔍 検索キーワード: おむつ M
🔍 楽天APIリクエスト URL: https://app.rakuten.co.jp/services/api/IchibaItem/Search/20220601
🔍 楽天APIリクエスト パラメータ: {
  applicationId: '1062113837003868316',
  keyword: 'おむつ M',
  page: 1,
  hits: 30,
  sort: '+itemPrice',
  genreId: '200807',
  formatVersion: 2
}
🔍 検索キーワード: おむつ L
🔍 楽天APIリクエスト URL: https://app.rakuten.co.jp/services/api/IchibaItem/Search/20220601
🔍 楽天APIリクエスト パラメータ: {
  applicationId: '1062113837003868316',
  keyword: 'おむつ L',
  page: 1,
  hits: 30,
  sort: '+itemPrice',
  genreId: '200807',
  formatVersion: 2
}
❌ 楽天API呼び出しエラー:
Status: 400
Data: { error_description: 'keyword is not valid', error: 'wrong_parameter' }
URL: https://app.rakuten.co.jp/services/api/IchibaItem/Search/20220601
⚠️ おむつ Mの検索でエラー: Error [AxiosError]: Request failed with status code 400
    at aG (.next/server/chunks/541.js:1:40458)
    at Unzip.<anonymous> (.next/server/chunks/541.js:3:9314)
    at bK.request (.next/server/chunks/541.js:3:21252)
    at async bO.searchDiapers (.next/server/chunks/541.js:3:26950)
    at async j (.next/server/app/page.js:1:16430)
    at async k (.next/server/app/page.js:1:19309)
    at async l.getRealData (.next/server/app/page.js:1:19928)
    at async l.getOffers (.next/server/app/page.js:1:20347)
    at async o (.next/server/app/page.js:1:23154) {
  code: 'ERR_BAD_REQUEST',
  config: [Object],
  request: [ClientRequest],
  response: [Object],
  status: 400,
  constructor: [Function],
  toJSON: [Function: toJSON]
}
❌ 楽天API呼び出しエラー:
Status: 400
Data: { error_description: 'keyword is not valid', error: 'wrong_parameter' }
URL: https://app.rakuten.co.jp/services/api/IchibaItem/Search/20220601
⚠️ おむつ Lの検索でエラー: Error [AxiosError]: Request failed with status code 400
    at aG (.next/server/chunks/541.js:1:40458)
    at Unzip.<anonymous> (.next/server/chunks/541.js:3:9314)
    at bK.request (.next/server/chunks/541.js:3:21252)
    at async bO.searchDiapers (.next/server/chunks/541.js:3:26950)
    at async j (.next/server/app/page.js:1:16430)
    at async k (.next/server/app/page.js:1:19309)
    at async l.getRealData (.next/server/app/page.js:1:19928)
    at async l.getOffers (.next/server/app/page.js:1:20347)
    at async o (.next/server/app/page.js:1:23154) {
  code: 'ERR_BAD_REQUEST',
  config: [Object],
  request: [ClientRequest],
  response: [Object],
  status: 400,
  constructor: [Function],
  toJSON: [Function: toJSON]
}
✅ 全キーワード合計: 27件取得
🔍 楽天APIレスポンス構造: {
  "affiliateRate": 4,
  "affiliateUrl": "",
  "asurakuArea": "",
  "asurakuClosingTime": "",
  "asurakuFlag": 0,
  "availability": 1,
  "catchcopy": "販売促進商品 販促 景品 イベント用品 法人ギフト 賞品 低額ギフト",
  "creditCardFlag": 1,
  "endTime": "",
  "genreId": "213941",
  "giftFlag": 0,
  "imageFlag": 1,
  "itemCaption": "新しくなったメリーズ　ファーストプレミアムは、「繊細な肌に5ッ星のやさしさを」。おむつ内環境を清潔に保ち、健やかな肌へ。●商品内容：メリーズ　ファーストプレミアム　ビッグサイズ32枚●原産国：日本こんなご用途にご使用できます 出産内祝い 結婚内祝い 結婚引き出物 結婚引出物 結婚御祝い 快気祝い 快気内祝 全快祝い 全快内祝 新築祝い 上棟祝 新築内祝 成人祝い 成人内祝 入学祝い 進学祝 入学内祝 入園祝い 入園祝 卒園祝 卒業内祝 入園内祝 進学内祝 初節句内祝い 初節句 七五三 七五三内祝 就職祝い 就職内祝 退職祝い 敬老祝い 香典返し 満中陰志 法事・法要引き物 父の日 母の日 お誕生日祝い プレゼント 還暦祝い 長寿祝 初老祝 還暦祝 古稀祝 喜寿祝 傘寿祝 米寿祝 卒寿祝 白寿祝 長寿祝お返し 退職記念 記念日 お中元 お歳暮 ゴルフコンペ ボーリング大会 賞品 記念品 法人 大口 ノベルティメーカー希望小売価格はメーカーカタログに基づいて掲載しています。 ※商品はご注文後の手配となりますので完売の際はご容赦ください。",
  "itemCode": "suzuto:10743657",
  "itemName": "メリーズ ファーストプレミアム ビッグサイズ（32枚入）＜メリーズファーストプレミアムビッグ32枚＞ 販売促進商品 販促 景品 イベント用品 法人ギフト 賞品 低額ギフト",
  "itemPrice": 2444,
  "itemPriceBaseField": "item_price_min3",
  "itemPriceMax1": 2444,
  "itemPriceMax2": 2444,
  "itemPriceMax3": 2444,
  "itemPriceMin1": 2444,
  "itemPriceMin2": 2444,
  "itemPriceMin3": 2444,
  "itemUrl": "https://item.rakuten.co.jp/suzuto/1715071/?rafcid=wsc_i_is_1062113837003868316",
  "mediumImageUrls": [
    "https://thumbnail.image.rakuten.co.jp/@0_mall/suzuto/cabinet/25sogo05/25-0568-072.jpg?_ex=128x128",
    "https://thumbnail.image.rakuten.co.jp/@0_mall/suzuto/cabinet/cta/hansoku_5off.jpg?_ex=128x128",
    "https://thumbnail.image.rakuten.co.jp/@0_mall/suzuto/cabinet/cta/hansoku_help.jpg?_ex=128x128"
  ],
  "pointRate": 1,
  "pointRateEndTime": "",
  "pointRateStartTime": "",
  "postageFlag": 1,
  "reviewAverage": 0,
  "reviewCount": 0,
  "shipOverseasArea": "",
  "shipOverseasFlag": 0,
  "shopAffiliateUrl": "",
  "shopCode": "suzuto",
  "shopName": "ギフト専門店　すず陶",
  "shopOfTheYearFlag": 0,
  "shopUrl": "https://www.rakuten.co.jp/suzuto/?rafcid=wsc_i_is_1062113837003868316",
  "smallImageUrls": [
    "https://thumbnail.image.rakuten.co.jp/@0_mall/suzuto/cabinet/25sogo05/25-0568-072.jpg?_ex=64x64",
    "https://thumbnail.image.rakuten.co.jp/@0_mall/suzuto/cabinet/cta/hansoku_5off.jpg?_ex=64x64",
    "https://thumbnail.image.rakuten.co.jp/@0_mall/suzuto/cabinet/cta/hansoku_help.jpg?_ex=64x64"
  ],
  "startTime": "",
  "tagIds": [
    1011174,
    1011802
  ],
  "taxFlag": 0
}
✅ 重複除去後: 26件
📊 商品分析: メリーズ ファーストプレミアム ビッグサイズ（32枚入）＜メリーズファーストプレミアムビッグ32枚＞... | 32枚 | ¥2444 | 単価¥75.63/枚
📊 商品分析: メリーズ エアスルー パンツ Mサイズ52枚 販売促進商品 販促 景品 イベント用品 法人ギフト 賞... | 52枚 | ¥2560 | 単価¥48.73/枚
📊 商品分析: メリーズ エアスルー パンツ Sサイズ 62枚 販売促進商品 販促 景品 イベント用品 法人ギフト ... | 62枚 | ¥2560 | 単価¥40.87/枚
📊 商品分析: メリーズ エアスルー パンツ Lサイズ44枚＜メリーズ エアスルーパンツLサイズ44枚＞ 販売促進商... | 44枚 | ¥2560 | 単価¥57.59/枚
📊 商品分析: 敬老の日ギフト 敬老会などに「メリーズ　ファーストプレミアム　パンツ　ビッグサイズ（32枚）」お返し... | 32枚 | ¥3294 | 単価¥111.28/枚
📊 商品分析: 敬老の日ギフト 敬老会などに「メリーズ　エアスルー　パンツ　Mサイズ（52枚）」お返し 内祝い 内祝... | 52枚 | ¥3401 | 単価¥70.52/枚
📊 商品分析: 敬老の日ギフト 敬老会などに「メリーズ　エアスルー　パンツ　Lサイズ（44枚）」お返し 内祝い 内祝... | 44枚 | ¥3402 | 単価¥83.36/枚
📊 商品分析: 敬老の日ギフト 敬老会などに「メリーズ　エアスルー　パンツ　Sサイズ（62枚）」お返し 内祝い 内祝... | 62枚 | ¥3404 | 単価¥59.19/枚
📊 商品分析: 【姫流12周年セール】 【子供用オムツ】ユニ・チャーム ムーニー オヤスミマン 女の子用 22枚 ビ... | 22枚 | ¥1476 | 単価¥66.41/枚
📊 商品分析: 【週替わり特価F】ムーニー オヤスミマン 女の子用 22枚 ビッグ以上... | 22枚 | ¥1588 | 単価¥71.45/枚
📊 商品分析: 【子供用オムツ特売】ユニ・チャーム ムーニー オヤスミマン 女の子用 22枚 ビッグ以上 適応体重：... | 22枚 | ¥1768 | 単価¥79.55/枚
📊 商品分析: 【夜の市★合算2千円超で送料無料対象】【子供用オムツ特売】ユニ・チャーム ムーニー オヤスミマン 女... | 22枚 | ¥1965 | 単価¥88.41/枚
📊 商品分析: 【送料込・まとめ買い×2点セット】ユニ・チャーム ムーニー オヤスミマン 女の子用 22枚 ビッグ以... | 22枚 | ¥4046 | 単価¥182.09/枚
📊 商品分析: 【送料込・まとめ買い×3】ユニ・チャーム ムーニー オヤスミマン 女の子用 ビッグ以上 22枚×3点... | 22枚 | ¥5766 | 単価¥259.45/枚
📊 商品分析: 【送料込・まとめ買い×4点セット】ユニ・チャーム ムーニー オヤスミマン 女の子用 22枚 ビッグ以... | 22枚 | ¥7487 | 単価¥350.55/枚
📊 商品分析: 【送料込・まとめ買い×6点セット】ユニ・チャーム ムーニー オヤスミマン 女の子用 22枚 ビッグ以... | 22枚 | ¥10927 | 単価¥505.36/枚
📊 商品分析: 【送料込・まとめ買い×8点セット】ユニ・チャーム ムーニー オヤスミマン 女の子用 22枚 ビッグ以... | 22枚 | ¥14368 | 単価¥660.18/枚
📊 商品分析: 【最大半額！令和セール】大王製紙 エリエール グーンプラス 敏感肌設計 Sサイズ 2枚入... | 2枚 | ¥78 | 単価¥38.50/枚
📊 商品分析: 【パンツ スーパーBIGサイズ】 グーン ナイトジュニア パンツ (身長目安 110~140cm) ... | 14枚 | ¥1816 | 単価¥149.86/枚
📊 商品分析: 【パンツ Mサイズ】グーンスイミングパンツ 4枚 男女共用... | 4枚 | ¥1863 | 単価¥461.00/枚
📊 商品分析: 【パンツ BIGより大きいサイズ】 グーン ナイトキッズ パンツ (身長目安 90~120cm) 2... | 22枚 | ¥2066 | 単価¥106.59/枚
📊 商品分析: 【パンツ Lサイズ】グーンスイミングパンツ 4枚 男女共用... | 4枚 | ¥2095 | 単価¥518.50/枚
📊 商品分析: 【パンツ Mサイズ】グーンスイミングパンツ 4枚 男女共用... | 4枚 | ¥2237 | 単価¥553.75/枚
📊 商品分析: 【SS期間中 P5倍!】 グーン ナイト ジュニアパンツ 14枚入り... | 14枚 | ¥2431 | 単価¥193.36/枚
📊 商品分析: 【パンツ Lサイズ】グーン スイミングパンツ 48枚(4枚×12)≪ディズニーデザイン≫ 東京南倉庫... | 48枚 | ¥3990 | 単価¥82.29/枚
📊 商品分析: 【パンツ BIGサイズ】グーン スイミングパンツ 48枚(4枚×12) ≪ディズニーデザイン≫ 東京... | 48枚 | ¥3990 | 単価¥82.29/枚
🚫 品質フィルタで除外: 【送料込・まとめ買い×3】ユニ・チャーム ムーニー オヤスミマン 女の子用 ビッグ以上 22枚×3点... | 22枚 | ¥259.45/枚
🚫 品質フィルタで除外: 【送料込・まとめ買い×4点セット】ユニ・チャーム ムーニー オヤスミマン 女の子用 22枚 ビッグ以... | 22枚 | ¥350.55/枚
🚫 品質フィルタで除外: 【送料込・まとめ買い×6点セット】ユニ・チャーム ムーニー オヤスミマン 女の子用 22枚 ビッグ以... | 22枚 | ¥505.36/枚
🚫 品質フィルタで除外: 【送料込・まとめ買い×8点セット】ユニ・チャーム ムーニー オヤスミマン 女の子用 22枚 ビッグ以... | 22枚 | ¥660.18/枚
🚫 品質フィルタで除外: 【最大半額！令和セール】大王製紙 エリエール グーンプラス 敏感肌設計 Sサイズ 2枚入... | 2枚 | ¥38.50/枚
🚫 品質フィルタで除外: 【パンツ スーパーBIGサイズ】 グーン ナイトジュニア パンツ (身長目安 110~140cm) ... | 14枚 | ¥149.86/枚
🚫 品質フィルタで除外: 【パンツ Mサイズ】グーンスイミングパンツ 4枚 男女共用... | 4枚 | ¥461.00/枚
🚫 品質フィルタで除外: 【パンツ Lサイズ】グーンスイミングパンツ 4枚 男女共用... | 4枚 | ¥518.50/枚
🚫 品質フィルタで除外: 【パンツ Mサイズ】グーンスイミングパンツ 4枚 男女共用... | 4枚 | ¥553.75/枚
🚫 品質フィルタで除外: 【SS期間中 P5倍!】 グーン ナイト ジュニアパンツ 14枚入り... | 14枚 | ¥193.36/枚
✅ クライアントサイド収集完了: 16件
✅ 実データ取得成功: 16件
🔍 getRealData結果: 16件
🎯 実データを使用: 16件 (変換後)
🔍 フィルタリング前: 16件
🔍 最終表示件数: 16件 (maxItems: 50)
 ✓ Generating static pages (5/5)
   Finalizing page optimization ...
   Collecting build traces ...
   Exporting (0/2) ...
 ✓ Exporting (2/2)

Route (app)                                 Size  First Load JS
┌ ○ /                                    6.85 kB         109 kB
└ ○ /_not-found                            998 B         103 kB
+ First Load JS shared by all             102 kB
  ├ chunks/255-2306f417eefffe96.js         46 kB
  ├ chunks/4bd1b696-c023c6e3521b1417.js  54.2 kB
  └ other shared chunks (total)          1.97 kB


○  (Static)  prerendered as static content

